app/build/intermediates/manifest_merge_blame_file/debug/processDebugMainManifest/manifest-merger-blame-debug-report.txt
1<?xml version="1.0" encoding="utf-8"?>
2<manifest xmlns:android="http://schemas.android.com/apk/res/android"
3    package="com.bettor.medlinkduo"
4    android:versionCode="1"
5    android:versionName="1.0" >
6
7    <uses-sdk
8        android:minSdkVersion="24"
9        android:targetSdkVersion="34" />
10
11    <uses-permission android:name="android.permission.VIBRATE" />
11-->src/main/AndroidManifest.xml:7:5-66
11-->src/main/AndroidManifest.xml:7:22-63
12    <uses-permission android:name="android.permission.RECORD_AUDIO" />
12-->src/main/AndroidManifest.xml:8:5-70
12-->src/main/AndroidManifest.xml:8:22-68
13    <!-- Android 12+ -->
14    <uses-permission android:name="android.permission.BLUETOOTH_SCAN" />
14-->src/main/AndroidManifest.xml:10:5-72
14-->src/main/AndroidManifest.xml:10:22-70
15    <uses-permission android:name="android.permission.BLUETOOTH_CONNECT" />
15-->src/main/AndroidManifest.xml:11:5-75
15-->src/main/AndroidManifest.xml:11:22-73
16    <!-- Pre-12 호환 -->
17    <uses-permission
17-->src/main/AndroidManifest.xml:13:5-94
18        android:name="android.permission.BLUETOOTH"
18-->src/main/AndroidManifest.xml:13:22-65
19        android:maxSdkVersion="30" />
19-->src/main/AndroidManifest.xml:13:66-92
20    <uses-permission
20-->src/main/AndroidManifest.xml:14:5-100
21        android:name="android.permission.BLUETOOTH_ADMIN"
21-->src/main/AndroidManifest.xml:14:22-71
22        android:maxSdkVersion="30" />
22-->src/main/AndroidManifest.xml:14:72-98
23    <uses-permission
23-->src/main/AndroidManifest.xml:15:5-17:38
24        android:name="android.permission.ACCESS_COARSE_LOCATION"
24-->src/main/AndroidManifest.xml:16:9-65
25        android:maxSdkVersion="30" />
25-->src/main/AndroidManifest.xml:17:9-35
26    <!-- 알림(13+) -->
27    <uses-permission android:name="android.permission.POST_NOTIFICATIONS" />
27-->src/main/AndroidManifest.xml:19:5-76
27-->src/main/AndroidManifest.xml:19:22-74
28
29    <!-- 포그라운드 서비스 -->
30    <uses-permission android:name="android.permission.FOREGROUND_SERVICE" />
30-->src/main/AndroidManifest.xml:22:5-76
30-->src/main/AndroidManifest.xml:22:22-74
31    <!-- Android 14+ 연결 장치 유형 -->
32    <uses-permission android:name="android.permission.FOREGROUND_SERVICE_CONNECTED_DEVICE" />
32-->src/main/AndroidManifest.xml:24:5-93
32-->src/main/AndroidManifest.xml:24:22-91
33    <uses-permission android:name="android.permission.WAKE_LOCK" />
33-->[androidx.work:work-runtime:2.9.0] AndroidManifest.xml:23:5-68
33-->[androidx.work:work-runtime:2.9.0] AndroidManifest.xml:23:22-65
34    <uses-permission android:name="android.permission.ACCESS_NETWORK_STATE" />
34-->[androidx.work:work-runtime:2.9.0] AndroidManifest.xml:24:5-79
34-->[androidx.work:work-runtime:2.9.0] AndroidManifest.xml:24:22-76
35    <uses-permission android:name="android.permission.RECEIVE_BOOT_COMPLETED" />
35-->[androidx.work:work-runtime:2.9.0] AndroidManifest.xml:25:5-81
35-->[androidx.work:work-runtime:2.9.0] AndroidManifest.xml:25:22-78
36
37    <permission
37-->[androidx.core:core:1.12.0] AndroidManifest.xml:22:5-24:47
38        android:name="com.bettor.medlinkduo.DYNAMIC_RECEIVER_NOT_EXPORTED_PERMISSION"
38-->[androidx.core:core:1.12.0] AndroidManifest.xml:23:9-81
39        android:protectionLevel="signature" />
39-->[androidx.core:core:1.12.0] AndroidManifest.xml:24:9-44
40
41    <uses-permission android:name="com.bettor.medlinkduo.DYNAMIC_RECEIVER_NOT_EXPORTED_PERMISSION" />
41-->[androidx.core:core:1.12.0] AndroidManifest.xml:26:5-97
41-->[androidx.core:core:1.12.0] AndroidManifest.xml:26:22-94
42
43    <application
43-->src/main/AndroidManifest.xml:27:5-60:19
44        android:name="com.bettor.medlinkduo.core.App"
44-->src/main/AndroidManifest.xml:28:9-33
45        android:allowBackup="true"
45-->src/main/AndroidManifest.xml:29:9-35
46        android:appComponentFactory="androidx.core.app.CoreComponentFactory"
46-->[androidx.core:core:1.12.0] AndroidManifest.xml:28:18-86
47        android:dataExtractionRules="@xml/data_extraction_rules"
47-->src/main/AndroidManifest.xml:30:9-65
48        android:debuggable="true"
49        android:extractNativeLibs="false"
50        android:fullBackupContent="@xml/backup_rules"
50-->src/main/AndroidManifest.xml:31:9-54
51        android:icon="@mipmap/ic_launcher"
51-->src/main/AndroidManifest.xml:32:9-43
52        android:label="@string/app_name"
52-->src/main/AndroidManifest.xml:33:9-41
53        android:roundIcon="@mipmap/ic_launcher_round"
53-->src/main/AndroidManifest.xml:34:9-54
54        android:supportsRtl="true"
54-->src/main/AndroidManifest.xml:35:9-35
55        android:testOnly="true"
56        android:theme="@style/Theme.MedLinkDuo" >
56-->src/main/AndroidManifest.xml:36:9-48
57
58        <!-- 런처: 권한 게이트 -->
59        <activity
59-->src/main/AndroidManifest.xml:39:9-48:20
60            android:name="com.bettor.medlinkduo.ui.PermissionActivity"
60-->src/main/AndroidManifest.xml:40:13-50
61            android:exported="true"
61-->src/main/AndroidManifest.xml:41:13-36
62            android:noHistory="true"
62-->src/main/AndroidManifest.xml:42:13-37
63            android:theme="@style/Theme.MedLinkDuo" >
63-->src/main/AndroidManifest.xml:43:13-52
64            <intent-filter>
64-->src/main/AndroidManifest.xml:44:13-47:29
65                <action android:name="android.intent.action.MAIN" />
65-->src/main/AndroidManifest.xml:45:17-69
65-->src/main/AndroidManifest.xml:45:25-66
66
67                <category android:name="android.intent.category.LAUNCHER" />
67-->src/main/AndroidManifest.xml:46:17-77
67-->src/main/AndroidManifest.xml:46:27-74
68            </intent-filter>
69        </activity>
70
71        <!-- 메인: 권한 통과 후에만 진입 -->
72        <activity
72-->src/main/AndroidManifest.xml:51:9-54:55
73            android:name="com.bettor.medlinkduo.ui.MainActivity"
73-->src/main/AndroidManifest.xml:52:13-44
74            android:exported="false"
74-->src/main/AndroidManifest.xml:53:13-37
75            android:theme="@style/Theme.MedLinkDuo" />
75-->src/main/AndroidManifest.xml:54:13-52
76
77        <service
77-->src/main/AndroidManifest.xml:56:9-59:62
78            android:name="com.bettor.medlinkduo.data.ble.BleKeepAliveService"
78-->src/main/AndroidManifest.xml:57:13-57
79            android:exported="false"
79-->src/main/AndroidManifest.xml:58:13-37
80            android:foregroundServiceType="connectedDevice" />
80-->src/main/AndroidManifest.xml:59:13-60
81
82        <provider
82-->[androidx.work:work-runtime:2.9.0] AndroidManifest.xml:29:9-37:20
83            android:name="androidx.startup.InitializationProvider"
83-->[androidx.work:work-runtime:2.9.0] AndroidManifest.xml:30:13-67
84            android:authorities="com.bettor.medlinkduo.androidx-startup"
84-->[androidx.work:work-runtime:2.9.0] AndroidManifest.xml:31:13-68
85            android:exported="false" >
85-->[androidx.work:work-runtime:2.9.0] AndroidManifest.xml:32:13-37
86            <meta-data
86-->[androidx.work:work-runtime:2.9.0] AndroidManifest.xml:34:13-36:52
87                android:name="androidx.work.WorkManagerInitializer"
87-->[androidx.work:work-runtime:2.9.0] AndroidManifest.xml:35:17-68
88                android:value="androidx.startup" />
88-->[androidx.work:work-runtime:2.9.0] AndroidManifest.xml:36:17-49
89            <meta-data
89-->[androidx.emoji2:emoji2:1.4.0] AndroidManifest.xml:29:13-31:52
90                android:name="androidx.emoji2.text.EmojiCompatInitializer"
90-->[androidx.emoji2:emoji2:1.4.0] AndroidManifest.xml:30:17-75
91                android:value="androidx.startup" />
91-->[androidx.emoji2:emoji2:1.4.0] AndroidManifest.xml:31:17-49
92            <meta-data
92-->[androidx.lifecycle:lifecycle-process:2.7.0] AndroidManifest.xml:29:13-31:52
93                android:name="androidx.lifecycle.ProcessLifecycleInitializer"
93-->[androidx.lifecycle:lifecycle-process:2.7.0] AndroidManifest.xml:30:17-78
94                android:value="androidx.startup" />
94-->[androidx.lifecycle:lifecycle-process:2.7.0] AndroidManifest.xml:31:17-49
95            <meta-data
95-->[androidx.profileinstaller:profileinstaller:1.3.0] AndroidManifest.xml:29:13-31:52
96                android:name="androidx.profileinstaller.ProfileInstallerInitializer"
96-->[androidx.profileinstaller:profileinstaller:1.3.0] AndroidManifest.xml:30:17-85
97                android:value="androidx.startup" />
97-->[androidx.profileinstaller:profileinstaller:1.3.0] AndroidManifest.xml:31:17-49
98        </provider>
99
100        <service
100-->[androidx.work:work-runtime:2.9.0] AndroidManifest.xml:39:9-45:35
101            android:name="androidx.work.impl.background.systemalarm.SystemAlarmService"
101-->[androidx.work:work-runtime:2.9.0] AndroidManifest.xml:40:13-88
102            android:directBootAware="false"
102-->[androidx.work:work-runtime:2.9.0] AndroidManifest.xml:41:13-44
103            android:enabled="@bool/enable_system_alarm_service_default"
103-->[androidx.work:work-runtime:2.9.0] AndroidManifest.xml:42:13-72
104            android:exported="false" />
104-->[androidx.work:work-runtime:2.9.0] AndroidManifest.xml:43:13-37
105        <service
105-->[androidx.work:work-runtime:2.9.0] AndroidManifest.xml:46:9-52:35
106            android:name="androidx.work.impl.background.systemjob.SystemJobService"
106-->[androidx.work:work-runtime:2.9.0] AndroidManifest.xml:47:13-84
107            android:directBootAware="false"
107-->[androidx.work:work-runtime:2.9.0] AndroidManifest.xml:48:13-44
108            android:enabled="@bool/enable_system_job_service_default"
108-->[androidx.work:work-runtime:2.9.0] AndroidManifest.xml:49:13-70
109            android:exported="true"
109-->[androidx.work:work-runtime:2.9.0] AndroidManifest.xml:50:13-36
110            android:permission="android.permission.BIND_JOB_SERVICE" />
110-->[androidx.work:work-runtime:2.9.0] AndroidManifest.xml:51:13-69
111        <service
111-->[androidx.work:work-runtime:2.9.0] AndroidManifest.xml:53:9-59:35
112            android:name="androidx.work.impl.foreground.SystemForegroundService"
112-->[androidx.work:work-runtime:2.9.0] AndroidManifest.xml:54:13-81
113            android:directBootAware="false"
113-->[androidx.work:work-runtime:2.9.0] AndroidManifest.xml:55:13-44
114            android:enabled="@bool/enable_system_foreground_service_default"
114-->[androidx.work:work-runtime:2.9.0] AndroidManifest.xml:56:13-77
115            android:exported="false" />
115-->[androidx.work:work-runtime:2.9.0] AndroidManifest.xml:57:13-37
116
117        <receiver
117-->[androidx.work:work-runtime:2.9.0] AndroidManifest.xml:61:9-66:35
118            android:name="androidx.work.impl.utils.ForceStopRunnable$BroadcastReceiver"
118-->[androidx.work:work-runtime:2.9.0] AndroidManifest.xml:62:13-88
119            android:directBootAware="false"
119-->[androidx.work:work-runtime:2.9.0] AndroidManifest.xml:63:13-44
120            android:enabled="true"
120-->[androidx.work:work-runtime:2.9.0] AndroidManifest.xml:64:13-35
121            android:exported="false" />
121-->[androidx.work:work-runtime:2.9.0] AndroidManifest.xml:65:13-37
122        <receiver
122-->[androidx.work:work-runtime:2.9.0] AndroidManifest.xml:67:9-77:20
123            android:name="androidx.work.impl.background.systemalarm.ConstraintProxy$BatteryChargingProxy"
123-->[androidx.work:work-runtime:2.9.0] AndroidManifest.xml:68:13-106
124            android:directBootAware="false"
124-->[androidx.work:work-runtime:2.9.0] AndroidManifest.xml:69:13-44
125            android:enabled="false"
125-->[androidx.work:work-runtime:2.9.0] AndroidManifest.xml:70:13-36
126            android:exported="false" >
126-->[androidx.work:work-runtime:2.9.0] AndroidManifest.xml:71:13-37
127            <intent-filter>
127-->[androidx.work:work-runtime:2.9.0] AndroidManifest.xml:73:13-76:29
128                <action android:name="android.intent.action.ACTION_POWER_CONNECTED" />
128-->[androidx.work:work-runtime:2.9.0] AndroidManifest.xml:74:17-87
128-->[androidx.work:work-runtime:2.9.0] AndroidManifest.xml:74:25-84
129                <action android:name="android.intent.action.ACTION_POWER_DISCONNECTED" />
129-->[androidx.work:work-runtime:2.9.0] AndroidManifest.xml:75:17-90
129-->[androidx.work:work-runtime:2.9.0] AndroidManifest.xml:75:25-87
130            </intent-filter>
131        </receiver>
132        <receiver
132-->[androidx.work:work-runtime:2.9.0] AndroidManifest.xml:78:9-88:20
133            android:name="androidx.work.impl.background.systemalarm.ConstraintProxy$BatteryNotLowProxy"
133-->[androidx.work:work-runtime:2.9.0] AndroidManifest.xml:79:13-104
134            android:directBootAware="false"
134-->[androidx.work:work-runtime:2.9.0] AndroidManifest.xml:80:13-44
135            android:enabled="false"
135-->[androidx.work:work-runtime:2.9.0] AndroidManifest.xml:81:13-36
136            android:exported="false" >
136-->[androidx.work:work-runtime:2.9.0] AndroidManifest.xml:82:13-37
137            <intent-filter>
137-->[androidx.work:work-runtime:2.9.0] AndroidManifest.xml:84:13-87:29
138                <action android:name="android.intent.action.BATTERY_OKAY" />
138-->[androidx.work:work-runtime:2.9.0] AndroidManifest.xml:85:17-77
138-->[androidx.work:work-runtime:2.9.0] AndroidManifest.xml:85:25-74
139                <action android:name="android.intent.action.BATTERY_LOW" />
139-->[androidx.work:work-runtime:2.9.0] AndroidManifest.xml:86:17-76
139-->[androidx.work:work-runtime:2.9.0] AndroidManifest.xml:86:25-73
140            </intent-filter>
141        </receiver>
142        <receiver
142-->[androidx.work:work-runtime:2.9.0] AndroidManifest.xml:89:9-99:20
143            android:name="androidx.work.impl.background.systemalarm.ConstraintProxy$StorageNotLowProxy"
143-->[androidx.work:work-runtime:2.9.0] AndroidManifest.xml:90:13-104
144            android:directBootAware="false"
144-->[androidx.work:work-runtime:2.9.0] AndroidManifest.xml:91:13-44
145            android:enabled="false"
145-->[androidx.work:work-runtime:2.9.0] AndroidManifest.xml:92:13-36
146            android:exported="false" >
146-->[androidx.work:work-runtime:2.9.0] AndroidManifest.xml:93:13-37
147            <intent-filter>
147-->[androidx.work:work-runtime:2.9.0] AndroidManifest.xml:95:13-98:29
148                <action android:name="android.intent.action.DEVICE_STORAGE_LOW" />
148-->[androidx.work:work-runtime:2.9.0] AndroidManifest.xml:96:17-83
148-->[androidx.work:work-runtime:2.9.0] AndroidManifest.xml:96:25-80
149                <action android:name="android.intent.action.DEVICE_STORAGE_OK" />
149-->[androidx.work:work-runtime:2.9.0] AndroidManifest.xml:97:17-82
149-->[androidx.work:work-runtime:2.9.0] AndroidManifest.xml:97:25-79
150            </intent-filter>
151        </receiver>
152        <receiver
152-->[androidx.work:work-runtime:2.9.0] AndroidManifest.xml:100:9-109:20
153            android:name="androidx.work.impl.background.systemalarm.ConstraintProxy$NetworkStateProxy"
153-->[androidx.work:work-runtime:2.9.0] AndroidManifest.xml:101:13-103
154            android:directBootAware="false"
154-->[androidx.work:work-runtime:2.9.0] AndroidManifest.xml:102:13-44
155            android:enabled="false"
155-->[androidx.work:work-runtime:2.9.0] AndroidManifest.xml:103:13-36
156            android:exported="false" >
156-->[androidx.work:work-runtime:2.9.0] AndroidManifest.xml:104:13-37
157            <intent-filter>
157-->[androidx.work:work-runtime:2.9.0] AndroidManifest.xml:106:13-108:29
158                <action android:name="android.net.conn.CONNECTIVITY_CHANGE" />
158-->[androidx.work:work-runtime:2.9.0] AndroidManifest.xml:107:17-79
158-->[androidx.work:work-runtime:2.9.0] AndroidManifest.xml:107:25-76
159            </intent-filter>
160        </receiver>
161        <receiver
161-->[androidx.work:work-runtime:2.9.0] AndroidManifest.xml:110:9-121:20
162            android:name="androidx.work.impl.background.systemalarm.RescheduleReceiver"
162-->[androidx.work:work-runtime:2.9.0] AndroidManifest.xml:111:13-88
163            android:directBootAware="false"
163-->[androidx.work:work-runtime:2.9.0] AndroidManifest.xml:112:13-44
164            android:enabled="false"
164-->[androidx.work:work-runtime:2.9.0] AndroidManifest.xml:113:13-36
165            android:exported="false" >
165-->[androidx.work:work-runtime:2.9.0] AndroidManifest.xml:114:13-37
166            <intent-filter>
166-->[androidx.work:work-runtime:2.9.0] AndroidManifest.xml:116:13-120:29
167                <action android:name="android.intent.action.BOOT_COMPLETED" />
167-->[androidx.work:work-runtime:2.9.0] AndroidManifest.xml:117:17-79
167-->[androidx.work:work-runtime:2.9.0] AndroidManifest.xml:117:25-76
168                <action android:name="android.intent.action.TIME_SET" />
168-->[androidx.work:work-runtime:2.9.0] AndroidManifest.xml:118:17-73
168-->[androidx.work:work-runtime:2.9.0] AndroidManifest.xml:118:25-70
169                <action android:name="android.intent.action.TIMEZONE_CHANGED" />
169-->[androidx.work:work-runtime:2.9.0] AndroidManifest.xml:119:17-81
169-->[androidx.work:work-runtime:2.9.0] AndroidManifest.xml:119:25-78
170            </intent-filter>
171        </receiver>
172        <receiver
172-->[androidx.work:work-runtime:2.9.0] AndroidManifest.xml:122:9-131:20
173            android:name="androidx.work.impl.background.systemalarm.ConstraintProxyUpdateReceiver"
173-->[androidx.work:work-runtime:2.9.0] AndroidManifest.xml:123:13-99
174            android:directBootAware="false"
174-->[androidx.work:work-runtime:2.9.0] AndroidManifest.xml:124:13-44
175            android:enabled="@bool/enable_system_alarm_service_default"
175-->[androidx.work:work-runtime:2.9.0] AndroidManifest.xml:125:13-72
176            android:exported="false" >
176-->[androidx.work:work-runtime:2.9.0] AndroidManifest.xml:126:13-37
177            <intent-filter>
177-->[androidx.work:work-runtime:2.9.0] AndroidManifest.xml:128:13-130:29
178                <action android:name="androidx.work.impl.background.systemalarm.UpdateProxies" />
178-->[androidx.work:work-runtime:2.9.0] AndroidManifest.xml:129:17-98
178-->[androidx.work:work-runtime:2.9.0] AndroidManifest.xml:129:25-95
179            </intent-filter>
180        </receiver>
181        <receiver
181-->[androidx.work:work-runtime:2.9.0] AndroidManifest.xml:132:9-142:20
182            android:name="androidx.work.impl.diagnostics.DiagnosticsReceiver"
182-->[androidx.work:work-runtime:2.9.0] AndroidManifest.xml:133:13-78
183            android:directBootAware="false"
183-->[androidx.work:work-runtime:2.9.0] AndroidManifest.xml:134:13-44
184            android:enabled="true"
184-->[androidx.work:work-runtime:2.9.0] AndroidManifest.xml:135:13-35
185            android:exported="true"
185-->[androidx.work:work-runtime:2.9.0] AndroidManifest.xml:136:13-36
186            android:permission="android.permission.DUMP" >
186-->[androidx.work:work-runtime:2.9.0] AndroidManifest.xml:137:13-57
187            <intent-filter>
187-->[androidx.work:work-runtime:2.9.0] AndroidManifest.xml:139:13-141:29
188                <action android:name="androidx.work.diagnostics.REQUEST_DIAGNOSTICS" />
188-->[androidx.work:work-runtime:2.9.0] AndroidManifest.xml:140:17-88
188-->[androidx.work:work-runtime:2.9.0] AndroidManifest.xml:140:25-85
189            </intent-filter>
190        </receiver>
191
192        <service
192-->[androidx.room:room-runtime:2.6.1] AndroidManifest.xml:24:9-28:63
193            android:name="androidx.room.MultiInstanceInvalidationService"
193-->[androidx.room:room-runtime:2.6.1] AndroidManifest.xml:25:13-74
194            android:directBootAware="true"
194-->[androidx.room:room-runtime:2.6.1] AndroidManifest.xml:26:13-43
195            android:exported="false" />
195-->[androidx.room:room-runtime:2.6.1] AndroidManifest.xml:27:13-37
196
197        <activity
197-->[androidx.compose.ui:ui-test-manifest:1.5.1] AndroidManifest.xml:23:9-25:39
198            android:name="androidx.activity.ComponentActivity"
198-->[androidx.compose.ui:ui-test-manifest:1.5.1] AndroidManifest.xml:24:13-63
199            android:exported="true" />
199-->[androidx.compose.ui:ui-test-manifest:1.5.1] AndroidManifest.xml:25:13-36
200        <activity
200-->[androidx.compose.ui:ui-tooling-android:1.5.1] AndroidManifest.xml:23:9-25:39
201            android:name="androidx.compose.ui.tooling.PreviewActivity"
201-->[androidx.compose.ui:ui-tooling-android:1.5.1] AndroidManifest.xml:24:13-71
202            android:exported="true" />
202-->[androidx.compose.ui:ui-tooling-android:1.5.1] AndroidManifest.xml:25:13-36
203
204        <receiver
204-->[androidx.profileinstaller:profileinstaller:1.3.0] AndroidManifest.xml:34:9-52:20
205            android:name="androidx.profileinstaller.ProfileInstallReceiver"
205-->[androidx.profileinstaller:profileinstaller:1.3.0] AndroidManifest.xml:35:13-76
206            android:directBootAware="false"
206-->[androidx.profileinstaller:profileinstaller:1.3.0] AndroidManifest.xml:36:13-44
207            android:enabled="true"
207-->[androidx.profileinstaller:profileinstaller:1.3.0] AndroidManifest.xml:37:13-35
208            android:exported="true"
208-->[androidx.profileinstaller:profileinstaller:1.3.0] AndroidManifest.xml:38:13-36
209            android:permission="android.permission.DUMP" >
209-->[androidx.profileinstaller:profileinstaller:1.3.0] AndroidManifest.xml:39:13-57
210            <intent-filter>
210-->[androidx.profileinstaller:profileinstaller:1.3.0] AndroidManifest.xml:40:13-42:29
211                <action android:name="androidx.profileinstaller.action.INSTALL_PROFILE" />
211-->[androidx.profileinstaller:profileinstaller:1.3.0] AndroidManifest.xml:41:17-91
211-->[androidx.profileinstaller:profileinstaller:1.3.0] AndroidManifest.xml:41:25-88
212            </intent-filter>
213            <intent-filter>
213-->[androidx.profileinstaller:profileinstaller:1.3.0] AndroidManifest.xml:43:13-45:29
214                <action android:name="androidx.profileinstaller.action.SKIP_FILE" />
214-->[androidx.profileinstaller:profileinstaller:1.3.0] AndroidManifest.xml:44:17-85
214-->[androidx.profileinstaller:profileinstaller:1.3.0] AndroidManifest.xml:44:25-82
215            </intent-filter>
216            <intent-filter>
216-->[androidx.profileinstaller:profileinstaller:1.3.0] AndroidManifest.xml:46:13-48:29
217                <action android:name="androidx.profileinstaller.action.SAVE_PROFILE" />
217-->[androidx.profileinstaller:profileinstaller:1.3.0] AndroidManifest.xml:47:17-88
217-->[androidx.profileinstaller:profileinstaller:1.3.0] AndroidManifest.xml:47:25-85
218            </intent-filter>
219            <intent-filter>
219-->[androidx.profileinstaller:profileinstaller:1.3.0] AndroidManifest.xml:49:13-51:29
220                <action android:name="androidx.profileinstaller.action.BENCHMARK_OPERATION" />
220-->[androidx.profileinstaller:profileinstaller:1.3.0] AndroidManifest.xml:50:17-95
220-->[androidx.profileinstaller:profileinstaller:1.3.0] AndroidManifest.xml:50:25-92
221            </intent-filter>
222        </receiver>
223    </application>
224
225</manifest>